417   found @     0,46
785   found @     0,64
284   found @     0,84
503   found @     0,98
796   found @     0,104
992   found @     0,111
702   found @     1,9
569   found @     1,37
49   found @     1,51
14   found @     1,61
453   found @     1,80
307   found @     1,93
995   found @     1,131
458   found @     2,21
856   found @     2,27
680   found @     2,66
104   found @     2,76
516   found @     2,97
822   found @     3,11
174   found @     3,16
711   found @     3,39
746   found @     3,43
656   found @     3,87
265   found @     3,106
634   found @     3,116
430   found @     3,134
39   found @     4,20
856   found @     4,53
767   found @     4,70
522   found @     4,81
773   found @     4,93
619   found @     4,100
287   found @     4,121
501   found @     4,128
726   found @     5,10
511   found @     5,16
320   found @     5,38
476   found @     5,49
72   found @     5,10
731   found @     5,115
861   found @     6,5
232   found @     6,22
223   found @     6,29
933   found @     6,33
424   found @     6,62
618   found @     6,66
338   found @     6,120
205   found @     6,124
535   found @     6,135
676   found @     7,42
713   found @     7,48
427   found @     7,54
126   found @     7,94
40   found @     8,4
996   found @     8,16
974   found @     8,37
566   found @     8,61
907   found @     8,72
214   found @     8,101
996   found @     8,16
911   found @     8,111
115   found @     8,115
363   found @     8,119
960   found @     8,124
897   found @     8,129
172   found @     9,42
559   found @     9,50
763   found @     9,56
554   found @     9,77
527   found @     10,7
90   found @     10,19
890   found @     10,62
802   found @     10,83
93   found @     10,87
791   found @     10,95
209   found @     10,101
928   found @     10,119
303   found @     10,128
773   found @     11,13
105   found @     11,22
725   found @     11,39
886   found @     11,111
384   found @     11,132
383   found @     12,8
741   found @     12,17
179   found @     12,48
18   found @     12,52
974   found @     12,57
624   found @     12,70
64   found @     12,80
266   found @     12,83
701   found @     12,103
671   found @     12,120
721   found @     12,124
914   found @     13,32
548   found @     13,37
834   found @     13,112
394   found @     13,116
502   found @     14,7
80   found @     14,11
960   found @     14,15
25   found @     14,42
464   found @     14,52
831   found @     14,64
846   found @     14,68
25   found @     14,42
985   found @     14,95
458   found @     14,101
377   found @     14,128
659   found @     14,133
350   found @     15,105
938   found @     15,116
738   found @     16,3
428   found @     16,20
311   found @     16,37
742   found @     16,43
236   found @     16,55
631   found @     16,59
816   found @     16,66
81   found @     16,66
973   found @     16,120
341   found @     16,124
266   found @     16,128
673   found @     17,12
614   found @     17,28
48   found @     17,52
450   found @     17,71
816   found @     17,77
258   found @     17,99
585   found @     17,105
154   found @     17,115
231   found @     18,3
681   found @     18,21
855   found @     18,35
775   found @     18,41
257   found @     18,63
469   found @     18,131
682   found @     18,137
807   found @     19,28
418   found @     19,48
19   found @     19,52
259   found @     19,59
459   found @     19,67
906   found @     19,72
185   found @     19,78
778   found @     19,92
230   found @     19,102
556   found @     19,125
924   found @     20,7
459   found @     20,19
836   found @     20,120
618   found @     20,132
900   found @     21,26
702   found @     21,49
383   found @     21,54
250   found @     21,72
503   found @     21,77
637   found @     21,87
808   found @     21,91
97   found @     21,101
370   found @     21,112
710   found @     21,137
988   found @     22,2
685   found @     22,13
663   found @     22,31
273   found @     22,35
16   found @     22,64
251   found @     22,67
964   found @     22,107
658   found @     22,117
171   found @     23,22
714   found @     23,48
543   found @     23,56
372   found @     23,79
941   found @     23,95
113   found @     23,111
853   found @     23,129
733   found @     23,136
470   found @     24,12
508   found @     24,26
170   found @     24,39
389   found @     24,75
544   found @     24,83
208   found @     24,91
98   found @     24,99
617   found @     24,116
884   found @     24,122
591   found @     25,5
210   found @     25,47
874   found @     25,69
129   found @     25,95
992   found @     25,133
170   found @     26,11
140   found @     26,17
753   found @     26,23
918   found @     26,30
467   found @     26,37
989   found @     26,65
979   found @     26,78
907   found @     26,112
276   found @     26,118
931   found @     26,124
618   found @     26,128
700   found @     27,2
801   found @     27,49
594   found @     27,94
493   found @     27,98
981   found @     27,107
173   found @     28,17
251   found @     28,66
629   found @     28,77
970   found @     28,90
136   found @     28,118
388   found @     28,130
721   found @     29,6
911   found @     29,23
766   found @     29,30
541   found @     29,51
234   found @     29,55
614   found @     29,82
217   found @     29,96
885   found @     29,101
680   found @     29,105
742   found @     29,109
84   found @     29,135
377   found @     30,1
81   found @     30,10
937   found @     30,37
155   found @     30,60
648   found @     30,92
401   found @     30,118
493   found @     30,127
1   found @     31,5
533   found @     31,23
399   found @     31,41
861   found @     31,55
951   found @     31,64
709   found @     31,69
331   found @     31,73
876   found @     31,86
289   found @     31,110
107   found @     32,10
452   found @     32,17
594   found @     32,27
888   found @     32,31
431   found @     32,35
660   found @     32,46
79   found @     32,60
275   found @     32,101
876   found @     32,105
978   found @     32,115
594   found @     32,27
400   found @     32,128
39   found @     32,134
925   found @     33,41
599   found @     33,71
60   found @     33,94
177   found @     34,25
708   found @     34,31
661   found @     34,52
294   found @     34,63
288   found @     34,103
793   found @     34,107
867   found @     34,111
482   found @     34,119
479   found @     34,123
769   found @     34,127
73   found @     34,134
617   found @     35,11
855   found @     35,16
605   found @     35,37
783   found @     35,56
91   found @     35,60
847   found @     35,71
672   found @     36,1
303   found @     36,6
967   found @     36,22
453   found @     36,41
884   found @     36,49
208   found @     36,63
949   found @     36,67
986   found @     36,89
249   found @     36,97
352   found @     36,105
818   found @     36,110
596   found @     36,114
56   found @     36,118
88   found @     37,14
569   found @     37,31
975   found @     37,55
638   found @     37,72
619   found @     37,79
462   found @     37,135
500   found @     38,4
205   found @     38,51
228   found @     38,63
508   found @     38,67
845   found @     38,116
683   found @     38,124
365   found @     38,128
197   found @     39,8
672   found @     39,12
841   found @     39,16
214   found @     39,33
847   found @     39,41
912   found @     39,47
24   found @     39,55
349   found @     39,58
257   found @     39,89
152   found @     39,104
447   found @     40,22
714   found @     40,37
287   found @     40,73
360   found @     40,79
334   found @     41,18
167   found @     41,50
554   found @     41,99
246   found @     41,104
295   found @     41,118
396   found @     41,122
24   found @     42,7
92   found @     42,23
220   found @     42,46
930   found @     42,76
414   found @     42,87
711   found @     42,95
117   found @     42,127
146   found @     42,133
548   found @     43,19
21   found @     43,31
820   found @     43,67
404   found @     43,71
139   found @     43,99
578   found @     43,123
204   found @     44,12
226   found @     44,46
663   found @     44,60
555   found @     44,77
992   found @     44,81
502   found @     44,89
49   found @     44,108
366   found @     44,116
677   found @     44,127
958   found @     45,2
350   found @     45,6
44   found @     45,21
694   found @     45,26
449   found @     45,32
39   found @     45,38
786   found @     45,64
140   found @     45,112
477   found @     46,15
815   found @     46,47
815   found @     46,47
521   found @     46,95
103   found @     46,133
828   found @     47,9
781   found @     47,24
464   found @     47,31
276   found @     47,52
646   found @     47,61
665   found @     47,68
955   found @     47,105
759   found @     47,116
934   found @     47,128
15   found @     48,41
193   found @     48,44
808   found @     48,94
347   found @     48,101
963   found @     48,111
810   found @     49,9
360   found @     49,17
638   found @     49,28
751   found @     49,48
812   found @     49,55
573   found @     49,63
85   found @     49,77
892   found @     49,107
220   found @     49,123
714   found @     50,4
80   found @     50,60
162   found @     50,67
214   found @     50,88
39   found @     50,112
265   found @     51,8
51   found @     51,36
285   found @     51,45
586   found @     51,72
948   found @     51,137
142   found @     52,56
736   found @     52,66
507   found @     52,77
636   found @     52,81
797   found @     52,85
273   found @     52,93
567   found @     52,113
978   found @     52,117
334   found @     52,122
382   found @     52,130
68   found @     53,18
130   found @     53,49
250   found @     53,61
486   found @     53,97
813   found @     53,135
505   found @     54,7
61   found @     54,22
140   found @     54,26
435   found @     54,39
691   found @     54,53
852   found @     54,71
571   found @     54,84
408   found @     54,91
80   found @     54,116
109   found @     54,131
24   found @     55,44
402   found @     55,62
162   found @     55,121
285   found @     56,4
672   found @     56,24
552   found @     56,28
492   found @     56,39
3   found @     56,67
620   found @     56,70
391   found @     56,74
179   found @     56,108
159   found @     57,14
390   found @     57,48
355   found @     57,97
481   found @     57,101
210   found @     57,113
99   found @     57,118
41   found @     57,123
52   found @     58,3
12   found @     58,11
808   found @     58,26
810   found @     58,30
897   found @     58,34
663   found @     58,56
280   found @     58,61
57   found @     58,68
476   found @     58,84
208   found @     58,128
905   found @     59,114
296   found @     59,118
298   found @     60,7
119   found @     60,16
172   found @     60,24
622   found @     60,44
637   found @     60,50
342   found @     60,76
679   found @     60,86
111   found @     60,90
968   found @     60,100
104   found @     60,105
478   found @     60,109
658   found @     61,66
718   found @     61,80
136   found @     61,94
503   found @     61,118
899   found @     61,122
889   found @     61,129
498   found @     61,133
691   found @     62,4
341   found @     62,15
36   found @     62,24
549   found @     62,27
386   found @     62,41
437   found @     62,52
662   found @     62,84
848   found @     62,98
936   found @     63,34
358   found @     63,105
707   found @     63,112
535   found @     63,117
639   found @     64,21
798   found @     64,39
67   found @     64,48
137   found @     64,63
716   found @     64,69
313   found @     64,79
247   found @     64,83
371   found @     64,127
433   found @     65,4
677   found @     65,8
605   found @     65,13
267   found @     65,17
1   found @     65,36
930   found @     65,44
478   found @     65,55
565   found @     65,75
869   found @     65,111
372   found @     65,121
228   found @     65,131
794   found @     66,21
74   found @     66,49
833   found @     66,67
839   found @     67,61
916   found @     67,124
84   found @     67,129
451   found @     68,22
541   found @     68,33
468   found @     68,43
684   found @     68,48
18   found @     68,55
759   found @     68,69
499   found @     68,85
124   found @     68,104
426   found @     68,112
882   found @     68,132
68   found @     69,3
614   found @     69,17
509   found @     69,28
956   found @     69,60
308   found @     69,64
36   found @     69,82
480   found @     69,95
917   found @     69,116
32   found @     69,123
363   found @     70,6
441   found @     70,38
418   found @     70,46
279   found @     70,75
139   found @     70,101
944   found @     70,130
412   found @     71,24
920   found @     71,55
585   found @     71,59
526   found @     71,66
931   found @     71,82
346   found @     71,86
807   found @     71,91
626   found @     71,106
924   found @     72,13
628   found @     72,38
33   found @     72,48
908   found @     72,70
766   found @     72,75
336   found @     72,101
446   found @     72,114
191   found @     72,128
249   found @     73,17
264   found @     73,29
35   found @     73,34
791   found @     73,59
126   found @     73,95
957   found @     73,118
71   found @     73,125
768   found @     73,133
144   found @     74,9
36   found @     74,14
216   found @     74,21
730   found @     74,63
201   found @     74,76
581   found @     74,81
715   found @     74,104
598   found @     75,25
949   found @     75,31
189   found @     75,43
981   found @     75,50
524   found @     75,72
440   found @     75,124
847   found @     75,130
967   found @     76,17
999   found @     76,35
604   found @     76,59
189   found @     76,76
626   found @     76,80
774   found @     76,87
159   found @     76,91
647   found @     76,95
168   found @     76,118
329   found @     76,136
747   found @     77,113
245   found @     78,10
495   found @     78,26
57   found @     78,33
841   found @     78,39
351   found @     78,51
517   found @     78,55
297   found @     78,69
343   found @     78,96
599   found @     78,100
360   found @     78,120
885   found @     79,43
9   found @     79,73
392   found @     79,78
93   found @     79,88
336   found @     79,92
321   found @     79,124
86   found @     79,132
469   found @     80,4
999   found @     80,31
796   found @     80,36
899   found @     80,57
250   found @     80,69
247   found @     80,98
696   found @     81,10
615   found @     81,16
300   found @     81,21
402   found @     81,86
501   found @     81,92
77   found @     81,109
271   found @     81,112
146   found @     81,130
170   found @     82,6
991   found @     82,33
782   found @     82,46
128   found @     82,59
161   found @     82,100
648   found @     82,117
123   found @     82,126
901   found @     83,29
134   found @     83,55
287   found @     83,77
513   found @     83,88
644   found @     83,122
999   found @     84,19
620   found @     84,23
541   found @     84,35
379   found @     84,39
488   found @     84,47
18   found @     84,52
208   found @     84,94
931   found @     84,101
338   found @     84,105
143   found @     84,111
19   found @     84,129
938   found @     85,11
626   found @     85,68
268   found @     85,77
418   found @     85,81
841   found @     85,90
820   found @     85,120
395   found @     85,124
723   found @     86,1
834   found @     86,7
162   found @     86,34
667   found @     86,38
84   found @     86,46
803   found @     86,60
804   found @     86,64
399   found @     86,100
172   found @     86,111
530   found @     86,116
596   found @     87,21
287   found @     87,68
852   found @     87,83
623   found @     87,90
17   found @     87,135
488   found @     88,6
758   found @     88,28
607   found @     88,35
53   found @     88,50
105   found @     88,75
683   found @     88,79
860   found @     88,94
244   found @     88,99
333   found @     89,40
197   found @     89,63
334   found @     89,86
954   found @     89,90
686   found @     89,106
464   found @     89,112
544   found @     89,130
139   found @     90,1
993   found @     90,25
677   found @     90,29
391   found @     90,57
357   found @     90,69
952   found @     90,78
831   found @     91,10
94   found @     91,37
600   found @     91,40
121   found @     91,61
183   found @     91,73
18   found @     91,73
686   found @     91,88
665   found @     91,96
823   found @     91,102
575   found @     91,116
68   found @     91,88
800   found @     92,6
692   found @     92,18
254   found @     92,32
819   found @     92,45
17   found @     92,109
815   found @     92,122
602   found @     93,10
186   found @     93,39
562   found @     93,52
93   found @     93,56
11   found @     93,86
948   found @     93,92
912   found @     93,99
328   found @     93,112
243   found @     93,117
280   found @     94,73
548   found @     94,121
897   found @     94,126
100   found @     94,130
504   found @     95,6
605   found @     95,14
889   found @     95,28
141   found @     95,81
378   found @     95,101
730   found @     96,23
899   found @     96,57
480   found @     96,62
375   found @     96,75
444   found @     96,85
47   found @     96,97
63   found @     96,110
828   found @     96,123
468   found @     96,131
607   found @     97,7
23   found @     97,17
383   found @     97,39
522   found @     97,71
433   found @     97,100
360   found @     97,105
372   found @     97,127
975   found @     98,12
428   found @     98,28
592   found @     98,50
258   found @     98,61
114   found @     98,67
431   found @     98,83
658   found @     98,121
560   found @     98,131
163   found @     98,135
16   found @     99,8
329   found @     99,34
315   found @     99,44
973   found @     99,54
333   found @     99,73
782   found @     99,93
18   found @     99,98
58   found @     99,103
533   found @     99,109
327   found @     100,2
563   found @     100,18
595   found @     100,49
913   found @     100,67
671   found @     100,78
937   found @     100,88
787   found @     100,115
975   found @     100,121
676   found @     100,131
247   found @     100,137
401   found @     101,12
713   found @     101,32
757   found @     101,45
873   found @     101,53
47   found @     101,57
465   found @     101,63
440   found @     101,100
588   found @     101,105
859   found @     101,111
665   found @     102,1
133   found @     102,8
196   found @     102,17
907   found @     102,24
348   found @     102,41
162   found @     102,78
163   found @     102,127
170   found @     103,37
222   found @     103,49
804   found @     103,53
784   found @     103,60
742   found @     103,131
239   found @     104,2
338   found @     104,7
27   found @     104,15
437   found @     104,19
543   found @     104,24
582   found @     104,76
343   found @     104,93
560   found @     104,97
852   found @     104,104
636   found @     104,115
900   found @     105,11
17   found @     105,34
948   found @     105,47
597   found @     105,55
922   found @     105,68
682   found @     105,82
255   found @     105,87
35   found @     105,109
211   found @     105,126
686   found @     106,19
984   found @     106,30
78   found @     106,43
896   found @     106,51
13   found @     106,61
278   found @     106,119
876   found @     106,131
835   found @     106,135
630   found @     107,4
82   found @     107,8
851   found @     107,15
905   found @     107,23
281   found @     107,36
746   found @     107,88
215   found @     107,99
877   found @     107,103
845   found @     107,110
471   found @     107,123
757   found @     108,31
625   found @     108,42
924   found @     108,56
878   found @     108,65
912   found @     108,78
538   found @     108,115
871   found @     108,135
954   found @     109,2
712   found @     109,6
977   found @     109,11
762   found @     109,22
236   found @     109,35
527   found @     109,47
674   found @     109,51
811   found @     109,74
228   found @     109,83
739   found @     109,105
483   found @     109,111
470   found @     110,18
707   found @     110,55
363   found @     110,62
525   found @     110,89
463   found @     110,121
537   found @     110,128
460   found @     111,3
947   found @     111,9
130   found @     111,27
757   found @     111,35
96   found @     111,40
529   found @     111,72
466   found @     111,82
65   found @     111,112
648   found @     111,117
968   found @     112,50
479   found @     112,67
630   found @     112,76
598   found @     112,107
952   found @     112,127
793   found @     113,18
514   found @     113,56
311   found @     113,94
124   found @     113,134
975   found @     114,1
399   found @     114,8
814   found @     114,31
663   found @     114,37
381   found @     114,75
284   found @     114,120
367   found @     115,16
198   found @     115,23
992   found @     115,42
716   found @     115,50
529   found @     115,54
96   found @     115,61
729   found @     115,80
329   found @     115,84
688   found @     115,88
322   found @     115,96
67   found @     115,17
79   found @     115,110
335   found @     115,126
997   found @     115,133
488   found @     116,0
632   found @     116,31
387   found @     116,71
225   found @     116,92
491   found @     116,101
391   found @     116,117
861   found @     117,7
527   found @     117,11
778   found @     117,20
165   found @     117,24
187   found @     117,43
916   found @     117,48
873   found @     117,78
627   found @     118,32
736   found @     118,63
376   found @     118,67
845   found @     118,72
171   found @     118,102
292   found @     118,114
750   found @     118,129
407   found @     119,17
403   found @     119,21
342   found @     119,40
897   found @     119,79
400   found @     119,92
910   found @     119,125
350   found @     119,135
40   found @     120,27
66   found @     120,35
494   found @     120,47
255   found @     120,60
653   found @     120,70
866   found @     120,87
942   found @     120,107
52   found @     120,130
827   found @     121,13
296   found @     121,23
401   found @     121,40
892   found @     121,64
164   found @     121,103
485   found @     121,126
930   found @     122,1
944   found @     122,29
308   found @     122,35
763   found @     122,49
62   found @     122,68
113   found @     122,75
580   found @     122,132
50   found @     123,8
934   found @     123,16
705   found @     123,25
999   found @     123,56
541   found @     123,82
847   found @     123,100
950   found @     123,105
131   found @     123,123
209   found @     124,11
404   found @     124,51
276   found @     124,69
242   found @     124,74
723   found @     124,90
652   found @     124,94
313   found @     124,119
606   found @     125,15
550   found @     125,22
2   found @     125,31
899   found @     125,61
235   found @     125,104
112   found @     125,109
704   found @     125,123
337   found @     125,131
837   found @     126,7
83   found @     126,7
993   found @     126,39
416   found @     126,48
580   found @     126,65
535   found @     126,71
204   found @     126,89
93   found @     126,40
723   found @     126,127
168   found @     127,14
753   found @     127,22
593   found @     127,27
504   found @     127,44
488   found @     127,79
458   found @     127,110
872   found @     127,120
85   found @     128,4
911   found @     128,32
880   found @     128,55
315   found @     128,66
872   found @     128,71
494   found @     128,89
349   found @     128,94
466   found @     128,101
428   found @     128,106
40   found @     128,127
939   found @     129,8
648   found @     129,19
227   found @     129,61
924   found @     129,82
918   found @     130,0
902   found @     130,25
269   found @     130,30
834   found @     130,35
87   found @     130,42
826   found @     130,45
919   found @     130,67
118   found @     130,71
817   found @     130,77
109   found @     130,86
933   found @     130,99
643   found @     130,104
949   found @     131,4
883   found @     131,13
111   found @     131,19
710   found @     131,54
464   found @     131,58
943   found @     131,62
842   found @     131,112
305   found @     131,119
469   found @     131,127
289   found @     131,132
974   found @     132,30
407   found @     132,40
168   found @     132,45
647   found @     132,49
498   found @     132,80
848   found @     132,89
99   found @     132,104
176   found @     133,10
120   found @     133,24
469   found @     133,36
997   found @     133,56
274   found @     133,75
477   found @     133,112
417   found @     133,116
964   found @     134,17
291   found @     134,29
2   found @     134,29
29   found @     134,29
272   found @     134,96
465   found @     134,101
819   found @     134,122
718   found @     134,133
265   found @     134,137
298   found @     135,4
747   found @     135,10
745   found @     135,35
460   found @     135,49
741   found @     135,55
762   found @     135,59
275   found @     135,63
491   found @     135,69
735   found @     135,81
34   found @     135,85
841   found @     135,107
593   found @     136,28
298   found @     136,45
225   found @     136,76
943   found @     136,88
23   found @     136,115
702   found @     136,122
601   found @     136,126
616   found @     136,130
889   found @     137,2
695   found @     137,21
750   found @     137,37
637   found @     137,59
780   found @     137,103
726   found @     137,111
233   found @     137,118
453   found @     138,44
828   found @     138,69
152   found @     138,95
790   found @     138,107
445   found @     138,123
681   found @     139,36
719   found @     139,76
964   found @     139,102
426   found @     139,116
456   found @     139,134
533912
